app/build/outputs/mapping/fdroidRelease/configuration.txt
# The proguard configuration file for the following section is fdroidRelease/processFdroidReleaseResources/aapt_rules.txt
-keep class androidx.core.app.CoreComponentFactory { <init>(); }
-keep class androidx.core.content.FileProvider { <init>(); }
-keep class androidx.profileinstaller.ProfileInstallReceiver { <init>(); }
-keep class androidx.room.MultiInstanceInvalidationService { <init>(); }
-keep class androidx.startup.InitializationProvider { <init>(); }
-keep class com.android.mms.transaction.PushReceiver { <init>(); }
-keep class com.android.mms.transaction.TransactionService { <init>(); }
-keep class com.klinker.android.send_message.MmsFileProvider { <init>(); }
-keep class com.simplemobiletools.commons.activities.AboutActivity { <init>(); }
-keep class com.simplemobiletools.commons.activities.ContributorsActivity { <init>(); }
-keep class com.simplemobiletools.commons.activities.CustomizationActivity { <init>(); }
-keep class com.simplemobiletools.commons.activities.FAQActivity { <init>(); }
-keep class com.simplemobiletools.commons.activities.LicenseActivity { <init>(); }
-keep class com.simplemobiletools.commons.activities.ManageBlockedNumbersActivity { <init>(); }
-keep class com.simplemobiletools.commons.receivers.SharedThemeReceiver { <init>(); }
-keep class com.simplemobiletools.smsmessenger.App { <init>(); }
-keep class com.simplemobiletools.smsmessenger.activities.ArchivedConversationsActivity { <init>(); }
-keep class com.simplemobiletools.smsmessenger.activities.ConversationDetailsActivity { <init>(); }
-keep class com.simplemobiletools.smsmessenger.activities.MainActivity { <init>(); }
-keep class com.simplemobiletools.smsmessenger.activities.ManageBlockedKeywordsActivity { <init>(); }
-keep class com.simplemobiletools.smsmessenger.activities.NewConversationActivity { <init>(); }
-keep class com.simplemobiletools.smsmessenger.activities.RecycleBinConversationsActivity { <init>(); }
-keep class com.simplemobiletools.smsmessenger.activities.SettingsActivity { <init>(); }
-keep class com.simplemobiletools.smsmessenger.activities.SplashActivity { <init>(); }
-keep class com.simplemobiletools.smsmessenger.activities.ThreadActivity { <init>(); }
-keep class com.simplemobiletools.smsmessenger.activities.VCardViewerActivity { <init>(); }
-keep class com.simplemobiletools.smsmessenger.receivers.DeleteSmsReceiver { <init>(); }
-keep class com.simplemobiletools.smsmessenger.receivers.DirectReplyReceiver { <init>(); }
-keep class com.simplemobiletools.smsmessenger.receivers.MarkAsReadReceiver { <init>(); }
-keep class com.simplemobiletools.smsmessenger.receivers.MmsReceiver { <init>(); }
-keep class com.simplemobiletools.smsmessenger.receivers.MmsSentReceiver { <init>(); }
-keep class com.simplemobiletools.smsmessenger.receivers.ScheduledMessageReceiver { <init>(); }
-keep class com.simplemobiletools.smsmessenger.receivers.SmsReceiver { <init>(); }
-keep class com.simplemobiletools.smsmessenger.receivers.SmsStatusDeliveredReceiver { <init>(); }
-keep class com.simplemobiletools.smsmessenger.receivers.SmsStatusSentReceiver { <init>(); }
-keep class com.simplemobiletools.smsmessenger.services.HeadlessSmsSendService { <init>(); }
-keep class android.widget.Space { <init>(android.content.Context, android.util.AttributeSet); }

-keep class android.widget.TextView { <init>(android.content.Context, android.util.AttributeSet); }

-keep class androidx.appcompat.app.AlertController$RecycleListView { <init>(android.content.Context, android.util.AttributeSet); }

-keep class androidx.appcompat.view.menu.ActionMenuItemView { <init>(android.content.Context, android.util.AttributeSet); }

-keep class androidx.appcompat.view.menu.ExpandedMenuView { <init>(android.content.Context, android.util.AttributeSet); }

-keep class androidx.appcompat.view.menu.ListMenuItemView { <init>(android.content.Context, android.util.AttributeSet); }

-keep class androidx.appcompat.widget.ActionBarContainer { <init>(android.content.Context, android.util.AttributeSet); }

-keep class androidx.appcompat.widget.ActionBarContextView { <init>(android.content.Context, android.util.AttributeSet); }

-keep class androidx.appcompat.widget.ActionBarOverlayLayout { <init>(android.content.Context, android.util.AttributeSet); }

-keep class androidx.appcompat.widget.ActionMenuView { <init>(android.content.Context, android.util.AttributeSet); }

-keep class androidx.appcompat.widget.ActivityChooserView$InnerLayout { <init>(android.content.Context, android.util.AttributeSet); }

-keep class androidx.appcompat.widget.AlertDialogLayout { <init>(android.content.Context, android.util.AttributeSet); }

-keep class androidx.appcompat.widget.AppCompatImageView { <init>(android.content.Context, android.util.AttributeSet); }

-keep class androidx.appcompat.widget.AppCompatTextView { <init>(android.content.Context, android.util.AttributeSet); }

-keep class androidx.appcompat.widget.ButtonBarLayout { <init>(android.content.Context, android.util.AttributeSet); }

-keep class androidx.appcompat.widget.ContentFrameLayout { <init>(android.content.Context, android.util.AttributeSet); }

-keep class androidx.appcompat.widget.DialogTitle { <init>(android.content.Context, android.util.AttributeSet); }

-keep class androidx.appcompat.widget.FitWindowsFrameLayout { <init>(android.content.Context, android.util.AttributeSet); }

-keep class androidx.appcompat.widget.FitWindowsLinearLayout { <init>(android.content.Context, android.util.AttributeSet); }

-keep class androidx.appcompat.widget.SearchView$SearchAutoComplete { <init>(android.content.Context, android.util.AttributeSet); }

-keep class androidx.appcompat.widget.Toolbar { <init>(android.content.Context, android.util.AttributeSet); }

-keep class androidx.appcompat.widget.ViewStubCompat { <init>(android.content.Context, android.util.AttributeSet); }

-keep class androidx.constraintlayout.helper.widget.Flow { <init>(android.content.Context, android.util.AttributeSet); }

-keep class androidx.constraintlayout.widget.Barrier { <init>(android.content.Context, android.util.AttributeSet); }

-keep class androidx.constraintlayout.widget.ConstraintLayout { <init>(android.content.Context, android.util.AttributeSet); }

-keep class androidx.coordinatorlayout.widget.CoordinatorLayout { <init>(android.content.Context, android.util.AttributeSet); }

-keep class androidx.core.widget.NestedScrollView { <init>(android.content.Context, android.util.AttributeSet); }

-keep class androidx.fragment.app.FragmentContainerView { <init>(android.content.Context, android.util.AttributeSet); }

-keep class androidx.recyclerview.widget.RecyclerView { <init>(android.content.Context, android.util.AttributeSet); }

-keep class com.andrognito.patternlockview.PatternLockView { <init>(android.content.Context, android.util.AttributeSet); }

-keep class com.google.android.material.appbar.AppBarLayout { <init>(android.content.Context, android.util.AttributeSet); }

-keep class com.google.android.material.appbar.MaterialToolbar { <init>(android.content.Context, android.util.AttributeSet); }

-keep class com.google.android.material.button.MaterialButton { <init>(android.content.Context, android.util.AttributeSet); }

-keep class com.google.android.material.button.MaterialButtonToggleGroup { <init>(android.content.Context, android.util.AttributeSet); }

-keep class com.google.android.material.chip.Chip { <init>(android.content.Context, android.util.AttributeSet); }

-keep class com.google.android.material.datepicker.MaterialCalendarGridView { <init>(android.content.Context, android.util.AttributeSet); }

-keep class com.google.android.material.imageview.ShapeableImageView { <init>(android.content.Context, android.util.AttributeSet); }

-keep class com.google.android.material.internal.BaselineLayout { <init>(android.content.Context, android.util.AttributeSet); }

-keep class com.google.android.material.internal.CheckableImageButton { <init>(android.content.Context, android.util.AttributeSet); }

-keep class com.google.android.material.internal.ClippableRoundedCornerLayout { <init>(android.content.Context, android.util.AttributeSet); }

-keep class com.google.android.material.internal.NavigationMenuItemView { <init>(android.content.Context, android.util.AttributeSet); }

-keep class com.google.android.material.internal.NavigationMenuView { <init>(android.content.Context, android.util.AttributeSet); }

-keep class com.google.android.material.internal.TouchObserverFrameLayout { <init>(android.content.Context, android.util.AttributeSet); }

-keep class com.google.android.material.progressindicator.CircularProgressIndicator { <init>(android.content.Context, android.util.AttributeSet); }

-keep class com.google.android.material.progressindicator.LinearProgressIndicator { <init>(android.content.Context, android.util.AttributeSet); }

-keep class com.google.android.material.snackbar.Snackbar$SnackbarLayout { <init>(android.content.Context, android.util.AttributeSet); }

-keep class com.google.android.material.snackbar.SnackbarContentLayout { <init>(android.content.Context, android.util.AttributeSet); }

-keep class com.google.android.material.tabs.TabItem { <init>(android.content.Context, android.util.AttributeSet); }

-keep class com.google.android.material.tabs.TabLayout { <init>(android.content.Context, android.util.AttributeSet); }

-keep class com.google.android.material.textfield.TextInputEditText { <init>(android.content.Context, android.util.AttributeSet); }

-keep class com.google.android.material.textfield.TextInputLayout { <init>(android.content.Context, android.util.AttributeSet); }

-keep class com.google.android.material.timepicker.ChipTextInputComboView { <init>(android.content.Context, android.util.AttributeSet); }

-keep class com.google.android.material.timepicker.ClockFaceView { <init>(android.content.Context, android.util.AttributeSet); }

-keep class com.google.android.material.timepicker.ClockHandView { <init>(android.content.Context, android.util.AttributeSet); }

-keep class com.google.android.material.timepicker.TimePickerView { <init>(android.content.Context, android.util.AttributeSet); }

-keep class com.qtalk.recyclerviewfastscroller.RecyclerViewFastScroller { <init>(android.content.Context, android.util.AttributeSet); }

-keep class com.reddit.indicatorfastscroll.FastScrollerThumbView { <init>(android.content.Context, android.util.AttributeSet); }

-keep class com.reddit.indicatorfastscroll.FastScrollerView { <init>(android.content.Context, android.util.AttributeSet); }

-keep class com.simplemobiletools.commons.views.BiometricIdTab { <init>(android.content.Context, android.util.AttributeSet); }

-keep class com.simplemobiletools.commons.views.Breadcrumbs { <init>(android.content.Context, android.util.AttributeSet); }

-keep class com.simplemobiletools.commons.views.ColorPickerSquare { <init>(android.content.Context, android.util.AttributeSet); }

-keep class com.simplemobiletools.commons.views.FingerprintTab { <init>(android.content.Context, android.util.AttributeSet); }

-keep class com.simplemobiletools.commons.views.LineColorPicker { <init>(android.content.Context, android.util.AttributeSet); }

-keep class com.simplemobiletools.commons.views.MyAppCompatCheckbox { <init>(android.content.Context, android.util.AttributeSet); }

-keep class com.simplemobiletools.commons.views.MyAutoCompleteTextView { <init>(android.content.Context, android.util.AttributeSet); }

-keep class com.simplemobiletools.commons.views.MyButton { <init>(android.content.Context, android.util.AttributeSet); }

-keep class com.simplemobiletools.commons.views.MyCompatRadioButton { <init>(android.content.Context, android.util.AttributeSet); }

-keep class com.simplemobiletools.commons.views.MyDialogViewPager { <init>(android.content.Context, android.util.AttributeSet); }

-keep class com.simplemobiletools.commons.views.MyEditText { <init>(android.content.Context, android.util.AttributeSet); }

-keep class com.simplemobiletools.commons.views.MyFloatingActionButton { <init>(android.content.Context, android.util.AttributeSet); }

-keep class com.simplemobiletools.commons.views.MyRecyclerView { <init>(android.content.Context, android.util.AttributeSet); }

-keep class com.simplemobiletools.commons.views.MyScrollView { <init>(android.content.Context, android.util.AttributeSet); }

-keep class com.simplemobiletools.commons.views.MySearchMenu { <init>(android.content.Context, android.util.AttributeSet); }

-keep class com.simplemobiletools.commons.views.MySquareImageView { <init>(android.content.Context, android.util.AttributeSet); }

-keep class com.simplemobiletools.commons.views.MyTextInputLayout { <init>(android.content.Context, android.util.AttributeSet); }

-keep class com.simplemobiletools.commons.views.MyTextView { <init>(android.content.Context, android.util.AttributeSet); }

-keep class com.simplemobiletools.commons.views.MyViewPager { <init>(android.content.Context, android.util.AttributeSet); }

-keep class com.simplemobiletools.commons.views.PatternTab { <init>(android.content.Context, android.util.AttributeSet); }

-keep class com.simplemobiletools.commons.views.PinTab { <init>(android.content.Context, android.util.AttributeSet); }

-keep class com.simplemobiletools.commons.views.RenamePatternTab { <init>(android.content.Context, android.util.AttributeSet); }

-keep class com.simplemobiletools.commons.views.RenameSimpleTab { <init>(android.content.Context, android.util.AttributeSet); }


# End of content from fdroidRelease/processFdroidReleaseResources/aapt_rules.txt
# The proguard configuration file for the following section is default_proguard_files/global/proguard-android-optimize.txt-8.9.2
# This is a configuration file for ProGuard.
# http://proguard.sourceforge.net/index.html#manual/usage.html
#
# Starting with version 2.2 of the Android plugin for Gradle, this file is distributed together with
# the plugin and unpacked at build-time. The files in $ANDROID_HOME are no longer maintained and
# will be ignored by new version of the Android plugin for Gradle.

# Optimizations: If you don't want to optimize, use the proguard-android.txt configuration file
# instead of this one, which turns off the optimization flags.
-allowaccessmodification

# Preserve some attributes that may be required for reflection.
-keepattributes AnnotationDefault,
                EnclosingMethod,
                InnerClasses,
                RuntimeVisibleAnnotations,
                RuntimeVisibleParameterAnnotations,
                RuntimeVisibleTypeAnnotations,
                Signature

-keep public class com.google.vending.licensing.ILicensingService
-keep public class com.android.vending.licensing.ILicensingService
-keep public class com.google.android.vending.licensing.ILicensingService
-dontnote com.android.vending.licensing.ILicensingService
-dontnote com.google.vending.licensing.ILicensingService
-dontnote com.google.android.vending.licensing.ILicensingService

# For native methods, see https://www.guardsquare.com/manual/configuration/examples#native
-keepclasseswithmembernames,includedescriptorclasses class * {
    native <methods>;
}

# Keep setters in Views so that animations can still work.
-keepclassmembers public class * extends android.view.View {
    void set*(***);
    *** get*();
}

# We want to keep methods in Activity that could be used in the XML attribute onClick.
-keepclassmembers class * extends android.app.Activity {
    public void *(android.view.View);
}

# For enumeration classes, see https://www.guardsquare.com/manual/configuration/examples#enumerations
-keepclassmembers enum * {
    public static **[] values();
    public static ** valueOf(java.lang.String);
}

-keepclassmembers class * implements android.os.Parcelable {
    public static final ** CREATOR;
}

# Preserve annotated Javascript interface methods.
-keepclassmembers class * {
    @android.webkit.JavascriptInterface <methods>;
}

# The support libraries contains references to newer platform versions.
# Don't warn about those in case this app is linking against an older
# platform version. We know about them, and they are safe.
-dontnote android.support.**
-dontnote androidx.**
-dontwarn android.support.**
-dontwarn androidx.**

# Understand the @Keep support annotation.
-keep class android.support.annotation.Keep

-keep @android.support.annotation.Keep class * {*;}

-keepclasseswithmembers class * {
    @android.support.annotation.Keep <methods>;
}

-keepclasseswithmembers class * {
    @android.support.annotation.Keep <fields>;
}

-keepclasseswithmembers class * {
    @android.support.annotation.Keep <init>(...);
}

# These classes are duplicated between android.jar and org.apache.http.legacy.jar.
-dontnote org.apache.http.**
-dontnote android.net.http.**

# These classes are duplicated between android.jar and core-lambda-stubs.jar.
-dontnote java.lang.invoke.**

# End of content from default_proguard_files/global/proguard-android-optimize.txt-8.9.2
# The proguard configuration file for the following section is SMS/app/proguard-rules.pro
# EventBus
-keepattributes *Annotation*
-keepclassmembers class ** {
    @org.greenrobot.eventbus.Subscribe <methods>;
}
-keep enum org.greenrobot.eventbus.ThreadMode { *; }

# Keep `Companion` object fields of serializable classes.
# This avoids serializer lookup through `getDeclaredClasses` as done for named companion objects.
-if @kotlinx.serialization.Serializable class **
-keepclassmembers class <1> {
    static <1>$Companion Companion;
}

# Keep `serializer()` on companion objects (both default and named) of serializable classes.
-if @kotlinx.serialization.Serializable class ** {
    static **$* *;
}
-keepclassmembers class <2>$<3> {
    kotlinx.serialization.KSerializer serializer(...);
}

# Keep `INSTANCE.serializer()` of serializable objects.
-if @kotlinx.serialization.Serializable class ** {
    public static ** INSTANCE;
}
-keepclassmembers class <1> {
    public static <1> INSTANCE;
    kotlinx.serialization.KSerializer serializer(...);
}

# Gson
-keep class com.simplemobiletools.commons.models.SimpleContact { *; }
-keep class com.simplemobiletools.smsmessenger.models.Attachment { *; }
-keep class com.simplemobiletools.smsmessenger.models.MessageAttachment { *; }

# End of content from SMS/app/proguard-rules.pro
# The proguard configuration file for the following section is transformed/jetified-Simple-Commons-b72ded2a75/proguard.txt
-renamesourcefileattribute SourceFile
-keepattributes SourceFile, LineNumberTable

-dontwarn com.bumptech.glide.load.engine.bitmap_recycle.LruBitmapPool
-dontwarn com.bumptech.glide.load.resource.bitmap.Downsampler
-dontwarn com.bumptech.glide.load.resource.bitmap.HardwareConfigState
-dontwarn com.bumptech.glide.manager.RequestManagerRetriever

-keep public class * extends java.lang.Exception

-keep class android.support.v7.widget.SearchView { *; }
-keep class com.simplemobiletools.commons.models.PhoneNumber { *; }

# Joda
-dontwarn org.joda.convert.**
-dontwarn org.joda.time.**
-keep class org.joda.time.** { *; }
-keep interface org.joda.time.** { *; }

-keep public class * implements com.bumptech.glide.module.GlideModule
-keep public class * extends com.bumptech.glide.module.AppGlideModule
-keep class com.bumptech.glide.GeneratedAppGlideModuleImpl
-keep public enum com.bumptech.glide.load.ImageHeaderParser$** {
  **[] $VALUES;
  public *;
}
-dontwarn java.lang.invoke.StringConcatFactory
-dontwarn javax.swing.tree.TreeNode

#Gson https://github.com/google/gson/blob/main/gson/src/main/resources/META-INF/proguard/gson.pro
-keepattributes Signature
-keepattributes RuntimeVisibleAnnotations,AnnotationDefault

-if class com.google.gson.reflect.TypeToken
-keep,allowobfuscation class com.google.gson.reflect.TypeToken

-keep,allowobfuscation class * extends com.google.gson.reflect.TypeToken
-keep,allowobfuscation,allowoptimization @com.google.gson.annotations.JsonAdapter class *

-keepclassmembers,allowobfuscation class * {