app/build/outputs/mapping/fdroidRelease/seeds.txt
org.joda.time.format.ISODateTimeFormat$Constants: org.joda.time.format.DateTimeFormatter dateHourMinuteSecondMillis()
androidx.core.app.NotificationCompatBuilder$Api19Impl: android.app.Notification$Builder setExtras(android.app.Notification$Builder,android.os.Bundle)
org.joda.time.base.BaseDateTime: BaseDateTime(long,org.joda.time.DateTimeZone)
org.joda.time.format.DateTimeFormatterBuilder$CharacterLiteral: int estimateParsedLength()
org.joda.time.tz.DateTimeZoneBuilder$Transition: int getWallOffset()
com.google.gson.internal.bind.TypeAdapters$16: TypeAdapters$16()
com.google.android.material.textfield.TextInputLayout: void setPasswordVisibilityToggleContentDescription(int)
org.joda.time.base.AbstractDateTime: int getYearOfCentury()
org.joda.time.LocalDate: int getMonthOfYear()
org.joda.time.format.DateTimeFormatterBuilder$CharacterLiteral: void printTo(java.lang.Appendable,long,org.joda.time.Chronology,int,org.joda.time.DateTimeZone,java.util.Locale)
org.joda.time.DateTime$Property: org.joda.time.DateTimeField getField()
com.google.android.material.textfield.MaterialAutoCompleteTextView: java.lang.CharSequence getHint()
org.joda.time.MutableDateTime: void setDateTime(int,int,int,int,int,int,int)
androidx.compose.ui.state.ToggleableState: androidx.compose.ui.state.ToggleableState[] values()
com.simplemobiletools.smsmessenger.services.HeadlessSmsSendService: HeadlessSmsSendService()
org.joda.time.field.RemainderDateTimeField: RemainderDateTimeField(org.joda.time.DateTimeField,org.joda.time.DurationField,org.joda.time.DateTimeFieldType,int)
androidx.compose.ui.graphics.Api26Bitmap: android.graphics.Bitmap createBitmap-x__-hDU$ui_graphics_release(int,int,int,boolean,androidx.compose.ui.graphics.colorspace.ColorSpace)
org.joda.time.field.AbstractReadableInstantFieldProperty: int getMaximumValueOverall()
androidx.core.view.WindowInsetsCompat$Impl: boolean equals(java.lang.Object)
com.google.android.material.chip.Chip: android.text.TextUtils$TruncateAt getEllipsize()
org.joda.time.tz.Provider: org.joda.time.DateTimeZone getZone(java.lang.String)
org.joda.time.field.BaseDurationField: int compareTo(org.joda.time.DurationField)
org.joda.time.format.PeriodFormatterBuilder$Literal: int countFieldsToPrint(org.joda.time.ReadablePeriod,int,java.util.Locale)
androidx.appcompat.widget.AppCompatMultiAutoCompleteTextView: android.graphics.PorterDuff$Mode getSupportCompoundDrawablesTintMode()
org.joda.time.ReadWritableInstant: void setMillis(long)
org.joda.time.YearMonth: YearMonth(long)
org.joda.time.LocalTime: int size()
org.joda.time.tz.DefaultNameProvider: java.lang.String getName(java.util.Locale,java.lang.String,java.lang.String,boolean)
com.google.android.material.chip.Chip: Chip(android.content.Context,android.util.AttributeSet)
org.joda.time.format.PeriodFormat$DynamicWordBased: void printTo(java.io.Writer,org.joda.time.ReadablePeriod,java.util.Locale)
org.joda.time.MonthDay$Property: org.joda.time.MonthDay addWrapFieldToCopy(int)
org.joda.time.ReadWritablePeriod: void setWeeks(int)
org.joda.time.DateMidnight: org.joda.time.DateMidnight withDayOfMonth(int)
org.joda.time.field.BaseDateTimeField: java.lang.String getAsShortText(int,java.util.Locale)
com.google.android.material.floatingactionbutton.FloatingActionButton: void setRippleColor(android.content.res.ColorStateList)
org.joda.time.DateTimeZone: org.joda.time.tz.Provider getDefaultProvider()
com.simplemobiletools.commons.models.SimpleContact: SimpleContact(int,int,java.lang.String,java.lang.String,java.util.ArrayList,java.util.ArrayList,java.util.ArrayList)
com.google.android.material.chip.Chip: void setCloseIconHovered(boolean)
androidx.core.view.accessibility.AccessibilityEventCompat$Api19Impl: void setContentChangeTypes(android.view.accessibility.AccessibilityEvent,int)
org.joda.time.DurationField: long getMillis(int)
org.joda.time.chrono.GregorianChronology: int getMaxYear()
com.simplemobiletools.smsmessenger.models.Attachment: java.lang.String getFilename()